<?xml version="1.0" encoding="UTF-8"?>
<!-- Generated by org.testng.reporters.JUnitXMLReporter -->
<testsuite hostname="DESKTOP-FA82API" ignored="0" name="Default test" tests="3" failures="0" timestamp="2022-04-24T22:01:58 CDT" time="55.537" errors="0">
  <testcase name="AbletoAddCategory" time="8.346" classname="ableToAddCategory.AddCategory"/>
  <testcase name="NotAbleToAddDuplicate" time="12.5" classname="ableToAddCategory.AddCategory"/>
  <testcase name="DueDateDropdown" time="26.96" classname="ableToAddCategory.AddCategory"/>
</testsuite> <!-- Default test -->
